<?xml version="1.0" encoding="UTF-8"?>
<!-- Generated by org.testng.reporters.JUnitXMLReporter -->
<testsuite ignored="0" hostname="DESKTOP-31VBCBD" failures="1" tests="1" name="Test" time="6.908" errors="0" timestamp="2025-01-16T19:11:54 IST">
  <testcase classname="io.cucumber.testng.AbstractTestNGCucumberTests" name="runScenario" time="3.67">
    <failure type="java.lang.AssertionError" message="expected [true] but found [false]">
      <![CDATA[java.lang.AssertionError: expected [true] but found [false]
at uiappfeature.HomePageSteps.page_title_should_contains(HomePageSteps.java:28)
at âœ½.Page title should contains "Shopping"(file:///C:/Users/user/eclipse-workspace/BDDCucumberBasics/src/test/resources/parallel/Homepage.feature:5)
... Removed 7 stack frames]]>
    </failure>
  </testcase> <!-- runScenario -->
</testsuite> <!-- Test -->
